c:\uf_teaching\cap4730\prog\proj2_raytracer\submit\src\mainsrc\debug\mainsrc_proj2.obj
c:\uf_teaching\cap4730\prog\proj2_raytracer\submit\src\mainsrc\debug\vc110.pdb
c:\uf_teaching\cap4730\prog\proj2_raytracer\submit\src\mainsrc\debug\proj2_raytracer.exe
c:\uf_teaching\cap4730\prog\proj2_raytracer\submit\src\mainsrc\debug\proj2_raytracer.pdb
s:\onedrive\education data\college\university of florida\spring 2017\cap4730 - computational structures in computer graphics\projects\project 2\src\mainsrc\debug\vc140.pdb
s:\onedrive\education data\college\university of florida\spring 2017\cap4730 - computational structures in computer graphics\projects\project 2\src\mainsrc\debug\vc140.idb
s:\onedrive\education data\college\university of florida\spring 2017\cap4730 - computational structures in computer graphics\projects\project 2\src\mainsrc\debug\mainsrc_proj2.obj
s:\onedrive\education data\college\university of florida\spring 2017\cap4730 - computational structures in computer graphics\projects\project 2\src\mainsrc\debug\cl.command.1.tlog
s:\onedrive\education data\college\university of florida\spring 2017\cap4730 - computational structures in computer graphics\projects\project 2\src\mainsrc\debug\cl.read.1.tlog
s:\onedrive\education data\college\university of florida\spring 2017\cap4730 - computational structures in computer graphics\projects\project 2\src\mainsrc\debug\cl.write.1.tlog
s:\onedrive\education data\college\university of florida\spring 2017\cap4730 - computational structures in computer graphics\projects\project 2\src\mainsrc\debug\link-cvtres.read.1.tlog
s:\onedrive\education data\college\university of florida\spring 2017\cap4730 - computational structures in computer graphics\projects\project 2\src\mainsrc\debug\link-cvtres.write.1.tlog
s:\onedrive\education data\college\university of florida\spring 2017\cap4730 - computational structures in computer graphics\projects\project 2\src\mainsrc\debug\link-rc.read.1.tlog
s:\onedrive\education data\college\university of florida\spring 2017\cap4730 - computational structures in computer graphics\projects\project 2\src\mainsrc\debug\link-rc.write.1.tlog
s:\onedrive\education data\college\university of florida\spring 2017\cap4730 - computational structures in computer graphics\projects\project 2\src\mainsrc\debug\link.command.1.tlog
s:\onedrive\education data\college\university of florida\spring 2017\cap4730 - computational structures in computer graphics\projects\project 2\src\mainsrc\debug\link.read.1.tlog
s:\onedrive\education data\college\university of florida\spring 2017\cap4730 - computational structures in computer graphics\projects\project 2\src\mainsrc\debug\link.write.1.tlog
s:\onedrive\education data\college\university of florida\spring 2017\cap4730 - computational structures in computer graphics\projects\project 2\src\mainsrc\debug\vc110.idb
s:\onedrive\education data\college\university of florida\spring 2017\cap4730 - computational structures in computer graphics\projects\project 2\src\mainsrc\debug\proj2_raytracer.pdb
s:\onedrive\education data\college\university of florida\spring 2017\cap4730 - computational structures in computer graphics\projects\project 2\src\mainsrc\debug\vc110.pdb
s:\onedrive\education data\college\university of florida\spring 2017\cap4730 - computational structures in computer graphics\projects\project 2\src\mainsrc\debug\proj2_raytracer.tlog\cl.command.1.tlog
s:\onedrive\education data\college\university of florida\spring 2017\cap4730 - computational structures in computer graphics\projects\project 2\src\mainsrc\debug\proj2_raytracer.tlog\cl.read.1.tlog
s:\onedrive\education data\college\university of florida\spring 2017\cap4730 - computational structures in computer graphics\projects\project 2\src\mainsrc\debug\proj2_raytracer.tlog\cl.write.1.tlog
s:\onedrive\education data\college\university of florida\spring 2017\cap4730 - computational structures in computer graphics\projects\project 2\src\mainsrc\debug\proj2_raytracer.tlog\link-cvtres.read.1.tlog
s:\onedrive\education data\college\university of florida\spring 2017\cap4730 - computational structures in computer graphics\projects\project 2\src\mainsrc\debug\proj2_raytracer.tlog\link-cvtres.write.1.tlog
s:\onedrive\education data\college\university of florida\spring 2017\cap4730 - computational structures in computer graphics\projects\project 2\src\mainsrc\debug\proj2_raytracer.tlog\link-rc.read.1.tlog
s:\onedrive\education data\college\university of florida\spring 2017\cap4730 - computational structures in computer graphics\projects\project 2\src\mainsrc\debug\proj2_raytracer.tlog\link-rc.write.1.tlog
s:\onedrive\education data\college\university of florida\spring 2017\cap4730 - computational structures in computer graphics\projects\project 2\src\mainsrc\debug\proj2_raytracer.tlog\link.command.1.tlog
s:\onedrive\education data\college\university of florida\spring 2017\cap4730 - computational structures in computer graphics\projects\project 2\src\mainsrc\debug\proj2_raytracer.tlog\link.read.1.tlog
s:\onedrive\education data\college\university of florida\spring 2017\cap4730 - computational structures in computer graphics\projects\project 2\src\mainsrc\debug\proj2_raytracer.tlog\link.write.1.tlog
