c:\uf_teaching\cap4730\prog\proj2_raytracer\submit\src\librt\release\utilities.obj
c:\uf_teaching\cap4730\prog\proj2_raytracer\submit\src\librt\release\triangle.obj
c:\uf_teaching\cap4730\prog\proj2_raytracer\submit\src\librt\release\surface.obj
c:\uf_teaching\cap4730\prog\proj2_raytracer\submit\src\librt\release\sphere.obj
c:\uf_teaching\cap4730\prog\proj2_raytracer\submit\src\librt\release\shader.obj
c:\uf_teaching\cap4730\prog\proj2_raytracer\submit\src\librt\release\scene.obj
c:\uf_teaching\cap4730\prog\proj2_raytracer\submit\src\librt\release\rgbr_f.obj
c:\uf_teaching\cap4730\prog\proj2_raytracer\submit\src\librt\release\raytracer.obj
c:\uf_teaching\cap4730\prog\proj2_raytracer\submit\src\librt\release\ray.obj
c:\uf_teaching\cap4730\prog\proj2_raytracer\submit\src\librt\release\linearsolver.obj
c:\uf_teaching\cap4730\prog\proj2_raytracer\submit\src\librt\release\light.obj
c:\uf_teaching\cap4730\prog\proj2_raytracer\submit\src\librt\release\intersection.obj
c:\uf_teaching\cap4730\prog\proj2_raytracer\submit\src\librt\release\camera.obj
c:\uf_teaching\cap4730\prog\proj2_raytracer\submit\src\librt\release\vc110.pdb
c:\uf_teaching\cap4730\prog\proj2_raytracer\submit\src\librt\lib\release\librt.lib
s:\onedrive\education data\college\university of florida\spring 2017\cap4730 - computational structures in computer graphics\projects\project 2\src\librt\release\camera.obj
s:\onedrive\education data\college\university of florida\spring 2017\cap4730 - computational structures in computer graphics\projects\project 2\src\librt\release\intersection.obj
s:\onedrive\education data\college\university of florida\spring 2017\cap4730 - computational structures in computer graphics\projects\project 2\src\librt\release\light.obj
s:\onedrive\education data\college\university of florida\spring 2017\cap4730 - computational structures in computer graphics\projects\project 2\src\librt\release\linearsolver.obj
s:\onedrive\education data\college\university of florida\spring 2017\cap4730 - computational structures in computer graphics\projects\project 2\src\librt\release\ray.obj
s:\onedrive\education data\college\university of florida\spring 2017\cap4730 - computational structures in computer graphics\projects\project 2\src\librt\release\raytracer.obj
s:\onedrive\education data\college\university of florida\spring 2017\cap4730 - computational structures in computer graphics\projects\project 2\src\librt\release\rgbr_f.obj
s:\onedrive\education data\college\university of florida\spring 2017\cap4730 - computational structures in computer graphics\projects\project 2\src\librt\release\scene.obj
s:\onedrive\education data\college\university of florida\spring 2017\cap4730 - computational structures in computer graphics\projects\project 2\src\librt\release\shader.obj
s:\onedrive\education data\college\university of florida\spring 2017\cap4730 - computational structures in computer graphics\projects\project 2\src\librt\release\sphere.obj
s:\onedrive\education data\college\university of florida\spring 2017\cap4730 - computational structures in computer graphics\projects\project 2\src\librt\release\surface.obj
s:\onedrive\education data\college\university of florida\spring 2017\cap4730 - computational structures in computer graphics\projects\project 2\src\librt\release\triangle.obj
s:\onedrive\education data\college\university of florida\spring 2017\cap4730 - computational structures in computer graphics\projects\project 2\src\librt\release\utilities.obj
s:\onedrive\education data\college\university of florida\spring 2017\cap4730 - computational structures in computer graphics\projects\project 2\src\librt\release\cl.command.1.tlog
s:\onedrive\education data\college\university of florida\spring 2017\cap4730 - computational structures in computer graphics\projects\project 2\src\librt\release\cl.read.1.tlog
s:\onedrive\education data\college\university of florida\spring 2017\cap4730 - computational structures in computer graphics\projects\project 2\src\librt\release\cl.write.1.tlog
s:\onedrive\education data\college\university of florida\spring 2017\cap4730 - computational structures in computer graphics\projects\project 2\src\librt\release\lib-link.read.1.tlog
s:\onedrive\education data\college\university of florida\spring 2017\cap4730 - computational structures in computer graphics\projects\project 2\src\librt\release\lib-link.write.1.tlog
s:\onedrive\education data\college\university of florida\spring 2017\cap4730 - computational structures in computer graphics\projects\project 2\src\librt\release\lib.command.1.tlog
s:\onedrive\education data\college\university of florida\spring 2017\cap4730 - computational structures in computer graphics\projects\project 2\src\librt\release\vc110.pdb
s:\onedrive\education data\college\university of florida\spring 2017\cap4730 - computational structures in computer graphics\projects\project 2\src\librt\lib\release\librt.lib
