c:\uf_teaching\cap4730\prog\proj2_raytracer\submit\src\libst\vc2008\release\tiny_obj_loader.obj
c:\uf_teaching\cap4730\prog\proj2_raytracer\submit\src\libst\vc2008\release\stvector3.obj
c:\uf_teaching\cap4730\prog\proj2_raytracer\submit\src\libst\vc2008\release\stvector2.obj
c:\uf_teaching\cap4730\prog\proj2_raytracer\submit\src\libst\vc2008\release\sttrianglemesh.obj
c:\uf_teaching\cap4730\prog\proj2_raytracer\submit\src\libst\vc2008\release\sttimer.obj
c:\uf_teaching\cap4730\prog\proj2_raytracer\submit\src\libst\vc2008\release\sttexture.obj
c:\uf_teaching\cap4730\prog\proj2_raytracer\submit\src\libst\vc2008\release\stshape.obj
c:\uf_teaching\cap4730\prog\proj2_raytracer\submit\src\libst\vc2008\release\stshaderprogram.obj
c:\uf_teaching\cap4730\prog\proj2_raytracer\submit\src\libst\vc2008\release\stpoint3.obj
c:\uf_teaching\cap4730\prog\proj2_raytracer\submit\src\libst\vc2008\release\stpoint2.obj
c:\uf_teaching\cap4730\prog\proj2_raytracer\submit\src\libst\vc2008\release\stjoystick_win32.obj
c:\uf_teaching\cap4730\prog\proj2_raytracer\submit\src\libst\vc2008\release\stjoystick.obj
c:\uf_teaching\cap4730\prog\proj2_raytracer\submit\src\libst\vc2008\release\stimage_ppm.obj
c:\uf_teaching\cap4730\prog\proj2_raytracer\submit\src\libst\vc2008\release\stimage_png.obj
c:\uf_teaching\cap4730\prog\proj2_raytracer\submit\src\libst\vc2008\release\stimage_jpeg.obj
c:\uf_teaching\cap4730\prog\proj2_raytracer\submit\src\libst\vc2008\release\stimage.obj
c:\uf_teaching\cap4730\prog\proj2_raytracer\submit\src\libst\vc2008\release\stfont.obj
c:\uf_teaching\cap4730\prog\proj2_raytracer\submit\src\libst\vc2008\release\stcolor4ub.obj
c:\uf_teaching\cap4730\prog\proj2_raytracer\submit\src\libst\vc2008\release\stcolor4f.obj
c:\uf_teaching\cap4730\prog\proj2_raytracer\submit\src\libst\vc2008\release\stcolor3f.obj
c:\uf_teaching\cap4730\prog\proj2_raytracer\submit\src\libst\vc2008\release\vc110.pdb
c:\uf_teaching\cap4730\prog\proj2_raytracer\submit\src\libst\lib\release\libst.lib
s:\onedrive\education data\college\university of florida\spring 2017\cap4730 - computational structures in computer graphics\projects\project 2\src\libst\vc2008\release\stcolor3f.obj
s:\onedrive\education data\college\university of florida\spring 2017\cap4730 - computational structures in computer graphics\projects\project 2\src\libst\vc2008\release\stcolor4f.obj
s:\onedrive\education data\college\university of florida\spring 2017\cap4730 - computational structures in computer graphics\projects\project 2\src\libst\vc2008\release\stcolor4ub.obj
s:\onedrive\education data\college\university of florida\spring 2017\cap4730 - computational structures in computer graphics\projects\project 2\src\libst\vc2008\release\stfont.obj
s:\onedrive\education data\college\university of florida\spring 2017\cap4730 - computational structures in computer graphics\projects\project 2\src\libst\vc2008\release\stimage.obj
s:\onedrive\education data\college\university of florida\spring 2017\cap4730 - computational structures in computer graphics\projects\project 2\src\libst\vc2008\release\stimage_jpeg.obj
s:\onedrive\education data\college\university of florida\spring 2017\cap4730 - computational structures in computer graphics\projects\project 2\src\libst\vc2008\release\stimage_png.obj
s:\onedrive\education data\college\university of florida\spring 2017\cap4730 - computational structures in computer graphics\projects\project 2\src\libst\vc2008\release\stimage_ppm.obj
s:\onedrive\education data\college\university of florida\spring 2017\cap4730 - computational structures in computer graphics\projects\project 2\src\libst\vc2008\release\stjoystick.obj
s:\onedrive\education data\college\university of florida\spring 2017\cap4730 - computational structures in computer graphics\projects\project 2\src\libst\vc2008\release\stjoystick_win32.obj
s:\onedrive\education data\college\university of florida\spring 2017\cap4730 - computational structures in computer graphics\projects\project 2\src\libst\vc2008\release\stpoint2.obj
s:\onedrive\education data\college\university of florida\spring 2017\cap4730 - computational structures in computer graphics\projects\project 2\src\libst\vc2008\release\stpoint3.obj
s:\onedrive\education data\college\university of florida\spring 2017\cap4730 - computational structures in computer graphics\projects\project 2\src\libst\vc2008\release\stshaderprogram.obj
s:\onedrive\education data\college\university of florida\spring 2017\cap4730 - computational structures in computer graphics\projects\project 2\src\libst\vc2008\release\stshape.obj
s:\onedrive\education data\college\university of florida\spring 2017\cap4730 - computational structures in computer graphics\projects\project 2\src\libst\vc2008\release\sttexture.obj
s:\onedrive\education data\college\university of florida\spring 2017\cap4730 - computational structures in computer graphics\projects\project 2\src\libst\vc2008\release\sttimer.obj
s:\onedrive\education data\college\university of florida\spring 2017\cap4730 - computational structures in computer graphics\projects\project 2\src\libst\vc2008\release\sttrianglemesh.obj
s:\onedrive\education data\college\university of florida\spring 2017\cap4730 - computational structures in computer graphics\projects\project 2\src\libst\vc2008\release\stvector2.obj
s:\onedrive\education data\college\university of florida\spring 2017\cap4730 - computational structures in computer graphics\projects\project 2\src\libst\vc2008\release\stvector3.obj
s:\onedrive\education data\college\university of florida\spring 2017\cap4730 - computational structures in computer graphics\projects\project 2\src\libst\vc2008\release\tiny_obj_loader.obj
s:\onedrive\education data\college\university of florida\spring 2017\cap4730 - computational structures in computer graphics\projects\project 2\src\libst\vc2008\release\cl.command.1.tlog
s:\onedrive\education data\college\university of florida\spring 2017\cap4730 - computational structures in computer graphics\projects\project 2\src\libst\vc2008\release\cl.read.1.tlog
s:\onedrive\education data\college\university of florida\spring 2017\cap4730 - computational structures in computer graphics\projects\project 2\src\libst\vc2008\release\cl.write.1.tlog
s:\onedrive\education data\college\university of florida\spring 2017\cap4730 - computational structures in computer graphics\projects\project 2\src\libst\vc2008\release\lib-link.read.1.tlog
s:\onedrive\education data\college\university of florida\spring 2017\cap4730 - computational structures in computer graphics\projects\project 2\src\libst\vc2008\release\lib-link.write.1.tlog
s:\onedrive\education data\college\university of florida\spring 2017\cap4730 - computational structures in computer graphics\projects\project 2\src\libst\vc2008\release\lib.command.1.tlog
s:\onedrive\education data\college\university of florida\spring 2017\cap4730 - computational structures in computer graphics\projects\project 2\src\libst\vc2008\release\vc110.pdb
